Building DAG of jobs...
Using shell: /bin/bash
Provided cores: 8
Rules claiming more threads will be scaled down.
Job counts:
	count	jobs
	1	all
	15	dl_454_sample_and_run_mapping
	25	dl_HK_sample_and_run_mapping
	141	dl_illumina_sample_and_run_mapping
	16	parse_454_gene_level_cov_and_det
	254	parse_gene_level_cov_and_det
	54	parse_gene_level_cov_and_det_HK_samples
	506

[Tue Dec  1 15:16:42 2020]
rule dl_illumina_sample_and_run_mapping:
    input: ../mapping-files/all-combined.1.bt2, ../mapping-files/all-combined.2.bt2, ../mapping-files/all-combined.3.bt2, ../mapping-files/all-combined.rev.1.bt2, ../mapping-files/all-combined.rev.2.bt2
    output: ../mapping-files/TARA_188_5m_0.22-3_prok.bam
    jobid: 319
    wildcards: ID=TARA_188_5m_0.22-3_prok


        curr_run_accs=$(grep -w -m 1 "^TARA_188_5m_0.22-3_prok" sample-and-run-accessions.tsv | cut -f 2)
        bash scripts/dl-and-map-sample.sh ../mapping-files ../mapping-files/all-combined 4 TARA_188_5m_0.22-3_prok ${curr_run_accs}
        

[Tue Dec  1 15:16:42 2020]
rule dl_HK_sample_and_run_mapping:
    input: ../mapping-files/all-combined.1.bt2, ../mapping-files/all-combined.2.bt2, ../mapping-files/all-combined.3.bt2, ../mapping-files/all-combined.rev.1.bt2, ../mapping-files/all-combined.rev.2.bt2
    output: ../mapping-files-HK/R16E-300m-9Ar.bam
    jobid: 401
    wildcards: ID=R16E-300m-9Ar


        # getting links to forward and reverse reads
        forward_SRR_acc=$(grep "^R16E-300m-9Ar" HK-sample-and-run-accessions.tsv | cut -f 2)
        reverse_SRR_acc=$(grep "^R16E-300m-9Ar" HK-sample-and-run-accessions.tsv | cut -f 3)

        R1_link=$(grep "^${forward_SRR_acc}" HK-SRRs-and-links.tsv | cut -f 2)
        R2_link=$(grep "^${reverse_SRR_acc}" HK-SRRs-and-links.tsv | cut -f 2)

        bash scripts/dl-and-map-HK-sample.sh ../mapping-files-HK ../mapping-files-HK/all-combined 4 R16E-300m-9Ar "${R1_link}" "${R2_link}"
        

[Tue Dec  1 15:16:42 2020]
rule parse_gene_level_cov_and_det:
    input: ../mapping-files/OSD65.bam, ../genes-and-annotations/all-genes.fa
    output: ../mapping-files/OSD65-gene-coverages.tsv
    jobid: 541
    wildcards: ID=OSD65


        pileup.sh -in ../mapping-files/OSD65.bam fastaorf=../genes-and-annotations/all-genes.fa outorf=../mapping-files/OSD65-gene-cov-and-det.tmp > /dev/null 2>&1

        # filtering coverages based on detection
        grep -v "#" ../mapping-files/OSD65-gene-cov-and-det.tmp | awk -F $'	' ' BEGIN {OFS=FS} { if ( $10 <= 0.5 ) $4 = 0 } { print $1,$4 } ' > ../mapping-files/OSD65-gene-cov.tmp
        cat <( printf "gene_ID	coverage
" ) ../mapping-files/OSD65-gene-cov.tmp > ../mapping-files/OSD65-gene-coverages.tsv

          # removing intermediate files
        rm ../mapping-files/OSD65-gene-cov-and-det.tmp ../mapping-files/OSD65-gene-cov.tmp
        

[Tue Dec  1 15:16:42 2020]
rule dl_illumina_sample_and_run_mapping:
    input: ../mapping-files/all-combined.1.bt2, ../mapping-files/all-combined.2.bt2, ../mapping-files/all-combined.3.bt2, ../mapping-files/all-combined.rev.1.bt2, ../mapping-files/all-combined.rev.2.bt2
    output: ../mapping-files/TARA_064_65m_0.1-0.22_girus.bam
    jobid: 192
    wildcards: ID=TARA_064_65m_0.1-0.22_girus


        curr_run_accs=$(grep -w -m 1 "^TARA_064_65m_0.1-0.22_girus" sample-and-run-accessions.tsv | cut -f 2)
        bash scripts/dl-and-map-sample.sh ../mapping-files ../mapping-files/all-combined 4 TARA_064_65m_0.1-0.22_girus ${curr_run_accs}
        

[Tue Dec  1 15:16:42 2020]
rule dl_illumina_sample_and_run_mapping:
    input: ../mapping-files/all-combined.1.bt2, ../mapping-files/all-combined.2.bt2, ../mapping-files/all-combined.3.bt2, ../mapping-files/all-combined.rev.1.bt2, ../mapping-files/all-combined.rev.2.bt2
    output: ../mapping-files/TARA_072_800m_0.22-3_prok.bam
    jobid: 220
    wildcards: ID=TARA_072_800m_0.22-3_prok


        curr_run_accs=$(grep -w -m 1 "^TARA_072_800m_0.22-3_prok" sample-and-run-accessions.tsv | cut -f 2)
        bash scripts/dl-and-map-sample.sh ../mapping-files ../mapping-files/all-combined 4 TARA_072_800m_0.22-3_prok ${curr_run_accs}
        

[Tue Dec  1 15:16:42 2020]
rule parse_gene_level_cov_and_det:
    input: ../mapping-files/OSD69.bam, ../genes-and-annotations/all-genes.fa
    output: ../mapping-files/OSD69-gene-coverages.tsv
    jobid: 542
    wildcards: ID=OSD69


        pileup.sh -in ../mapping-files/OSD69.bam fastaorf=../genes-and-annotations/all-genes.fa outorf=../mapping-files/OSD69-gene-cov-and-det.tmp > /dev/null 2>&1

        # filtering coverages based on detection
        grep -v "#" ../mapping-files/OSD69-gene-cov-and-det.tmp | awk -F $'	' ' BEGIN {OFS=FS} { if ( $10 <= 0.5 ) $4 = 0 } { print $1,$4 } ' > ../mapping-files/OSD69-gene-cov.tmp
        cat <( printf "gene_ID	coverage
" ) ../mapping-files/OSD69-gene-cov.tmp > ../mapping-files/OSD69-gene-coverages.tsv

          # removing intermediate files
        rm ../mapping-files/OSD69-gene-cov-and-det.tmp ../mapping-files/OSD69-gene-cov.tmp
        

[Tue Dec  1 15:16:42 2020]
rule parse_gene_level_cov_and_det:
    input: ../mapping-files/TARA_036_5m_0.1-0.22_girus.bam, ../genes-and-annotations/all-genes.fa
    output: ../mapping-files/TARA_036_5m_0.1-0.22_girus-gene-coverages.tsv
    jobid: 584
    wildcards: ID=TARA_036_5m_0.1-0.22_girus


        pileup.sh -in ../mapping-files/TARA_036_5m_0.1-0.22_girus.bam fastaorf=../genes-and-annotations/all-genes.fa outorf=../mapping-files/TARA_036_5m_0.1-0.22_girus-gene-cov-and-det.tmp > /dev/null 2>&1

        # filtering coverages based on detection
        grep -v "#" ../mapping-files/TARA_036_5m_0.1-0.22_girus-gene-cov-and-det.tmp | awk -F $'	' ' BEGIN {OFS=FS} { if ( $10 <= 0.5 ) $4 = 0 } { print $1,$4 } ' > ../mapping-files/TARA_036_5m_0.1-0.22_girus-gene-cov.tmp
        cat <( printf "gene_ID	coverage
" ) ../mapping-files/TARA_036_5m_0.1-0.22_girus-gene-cov.tmp > ../mapping-files/TARA_036_5m_0.1-0.22_girus-gene-coverages.tsv

          # removing intermediate files
        rm ../mapping-files/TARA_036_5m_0.1-0.22_girus-gene-cov-and-det.tmp ../mapping-files/TARA_036_5m_0.1-0.22_girus-gene-cov.tmp
        

[Tue Dec  1 15:16:42 2020]
rule parse_gene_level_cov_and_det:
    input: ../mapping-files/TARA_124_5m_0.1-0.22_girus.bam, ../genes-and-annotations/all-genes.fa
    output: ../mapping-files/TARA_124_5m_0.1-0.22_girus-gene-coverages.tsv
    jobid: 682
    wildcards: ID=TARA_124_5m_0.1-0.22_girus


        pileup.sh -in ../mapping-files/TARA_124_5m_0.1-0.22_girus.bam fastaorf=../genes-and-annotations/all-genes.fa outorf=../mapping-files/TARA_124_5m_0.1-0.22_girus-gene-cov-and-det.tmp > /dev/null 2>&1

        # filtering coverages based on detection
        grep -v "#" ../mapping-files/TARA_124_5m_0.1-0.22_girus-gene-cov-and-det.tmp | awk -F $'	' ' BEGIN {OFS=FS} { if ( $10 <= 0.5 ) $4 = 0 } { print $1,$4 } ' > ../mapping-files/TARA_124_5m_0.1-0.22_girus-gene-cov.tmp
        cat <( printf "gene_ID	coverage
" ) ../mapping-files/TARA_124_5m_0.1-0.22_girus-gene-cov.tmp > ../mapping-files/TARA_124_5m_0.1-0.22_girus-gene-coverages.tsv

          # removing intermediate files
        rm ../mapping-files/TARA_124_5m_0.1-0.22_girus-gene-cov-and-det.tmp ../mapping-files/TARA_124_5m_0.1-0.22_girus-gene-cov.tmp
        
[Tue Dec  1 15:16:47 2020]
Finished job 542.
1 of 506 steps (0.20%) done
[Tue Dec  1 15:16:47 2020]
Finished job 584.
2 of 506 steps (0.40%) done

[Tue Dec  1 15:16:47 2020]
rule parse_gene_level_cov_and_det:
    input: ../mapping-files/TARA_099_5m_0.22-3_prok.bam, ../genes-and-annotations/all-genes.fa
    output: ../mapping-files/TARA_099_5m_0.22-3_prok-gene-coverages.tsv
    jobid: 657
    wildcards: ID=TARA_099_5m_0.22-3_prok


        pileup.sh -in ../mapping-files/TARA_099_5m_0.22-3_prok.bam fastaorf=../genes-and-annotations/all-genes.fa outorf=../mapping-files/TARA_099_5m_0.22-3_prok-gene-cov-and-det.tmp > /dev/null 2>&1

        # filtering coverages based on detection
        grep -v "#" ../mapping-files/TARA_099_5m_0.22-3_prok-gene-cov-and-det.tmp | awk -F $'	' ' BEGIN {OFS=FS} { if ( $10 <= 0.5 ) $4 = 0 } { print $1,$4 } ' > ../mapping-files/TARA_099_5m_0.22-3_prok-gene-cov.tmp
        cat <( printf "gene_ID	coverage
" ) ../mapping-files/TARA_099_5m_0.22-3_prok-gene-cov.tmp > ../mapping-files/TARA_099_5m_0.22-3_prok-gene-coverages.tsv

          # removing intermediate files
        rm ../mapping-files/TARA_099_5m_0.22-3_prok-gene-cov-and-det.tmp ../mapping-files/TARA_099_5m_0.22-3_prok-gene-cov.tmp
        

[Tue Dec  1 15:16:47 2020]
rule dl_illumina_sample_and_run_mapping:
    input: ../mapping-files/all-combined.1.bt2, ../mapping-files/all-combined.2.bt2, ../mapping-files/all-combined.3.bt2, ../mapping-files/all-combined.rev.1.bt2, ../mapping-files/all-combined.rev.2.bt2
    output: ../mapping-files/TARA_122_115m_0.22-0.45_girus.bam
    jobid: 252
    wildcards: ID=TARA_122_115m_0.22-0.45_girus


        curr_run_accs=$(grep -w -m 1 "^TARA_122_115m_0.22-0.45_girus" sample-and-run-accessions.tsv | cut -f 2)
        bash scripts/dl-and-map-sample.sh ../mapping-files ../mapping-files/all-combined 4 TARA_122_115m_0.22-0.45_girus ${curr_run_accs}
        
[Tue Dec  1 15:16:47 2020]
Finished job 682.
3 of 506 steps (0.59%) done

[Tue Dec  1 15:16:47 2020]
rule dl_454_sample_and_run_mapping:
    input: ../mapping-files-pyro/all-combined.1.bt2, ../mapping-files-pyro/all-combined.2.bt2, ../mapping-files-pyro/all-combined.3.bt2, ../mapping-files-pyro/all-combined.rev.1.bt2, ../mapping-files-pyro/all-combined.rev.2.bt2
    output: ../mapping-files-pyro/TARA_038_340m_0.22-1.6_girus.bam
    jobid: 350
    wildcards: ID=TARA_038_340m_0.22-1.6_girus


        curr_run_accs=$(grep -w -m 1 "^TARA_038_340m_0.22-1.6_girus" sample-and-run-accessions.tsv | cut -f 2)
        bash scripts/dl-and-map-454-sample.sh ../mapping-files-pyro ../mapping-files-pyro/all-combined 4 TARA_038_340m_0.22-1.6_girus ${curr_run_accs}
        
[Tue Dec  1 15:16:47 2020]
Finished job 541.
4 of 506 steps (0.79%) done

[Tue Dec  1 15:16:47 2020]
rule parse_gene_level_cov_and_det:
    input: ../mapping-files/OSD166.bam, ../genes-and-annotations/all-genes.fa
    output: ../mapping-files/OSD166-gene-coverages.tsv
    jobid: 476
    wildcards: ID=OSD166


        pileup.sh -in ../mapping-files/OSD166.bam fastaorf=../genes-and-annotations/all-genes.fa outorf=../mapping-files/OSD166-gene-cov-and-det.tmp > /dev/null 2>&1

        # filtering coverages based on detection
        grep -v "#" ../mapping-files/OSD166-gene-cov-and-det.tmp | awk -F $'	' ' BEGIN {OFS=FS} { if ( $10 <= 0.5 ) $4 = 0 } { print $1,$4 } ' > ../mapping-files/OSD166-gene-cov.tmp
        cat <( printf "gene_ID	coverage
" ) ../mapping-files/OSD166-gene-cov.tmp > ../mapping-files/OSD166-gene-coverages.tsv

          # removing intermediate files
        rm ../mapping-files/OSD166-gene-cov-and-det.tmp ../mapping-files/OSD166-gene-cov.tmp
        
[Tue Dec  1 15:16:51 2020]
Finished job 657.
5 of 506 steps (0.99%) done

[Tue Dec  1 15:16:51 2020]
rule parse_gene_level_cov_and_det:
    input: ../mapping-files/OSD93.bam, ../genes-and-annotations/all-genes.fa
    output: ../mapping-files/OSD93-gene-coverages.tsv
    jobid: 559
    wildcards: ID=OSD93


        pileup.sh -in ../mapping-files/OSD93.bam fastaorf=../genes-and-annotations/all-genes.fa outorf=../mapping-files/OSD93-gene-cov-and-det.tmp > /dev/null 2>&1

        # filtering coverages based on detection
        grep -v "#" ../mapping-files/OSD93-gene-cov-and-det.tmp | awk -F $'	' ' BEGIN {OFS=FS} { if ( $10 <= 0.5 ) $4 = 0 } { print $1,$4 } ' > ../mapping-files/OSD93-gene-cov.tmp
        cat <( printf "gene_ID	coverage
" ) ../mapping-files/OSD93-gene-cov.tmp > ../mapping-files/OSD93-gene-coverages.tsv

          # removing intermediate files
        rm ../mapping-files/OSD93-gene-cov-and-det.tmp ../mapping-files/OSD93-gene-cov.tmp
        
[Tue Dec  1 15:16:51 2020]
Finished job 476.
6 of 506 steps (1%) done

[Tue Dec  1 15:16:51 2020]
rule parse_gene_level_cov_and_det:
    input: ../mapping-files/OSD94.bam, ../genes-and-annotations/all-genes.fa
    output: ../mapping-files/OSD94-gene-coverages.tsv
    jobid: 560
    wildcards: ID=OSD94


        pileup.sh -in ../mapping-files/OSD94.bam fastaorf=../genes-and-annotations/all-genes.fa outorf=../mapping-files/OSD94-gene-cov-and-det.tmp > /dev/null 2>&1

        # filtering coverages based on detection
        grep -v "#" ../mapping-files/OSD94-gene-cov-and-det.tmp | awk -F $'	' ' BEGIN {OFS=FS} { if ( $10 <= 0.5 ) $4 = 0 } { print $1,$4 } ' > ../mapping-files/OSD94-gene-cov.tmp
        cat <( printf "gene_ID	coverage
" ) ../mapping-files/OSD94-gene-cov.tmp > ../mapping-files/OSD94-gene-coverages.tsv

          # removing intermediate files
        rm ../mapping-files/OSD94-gene-cov-and-det.tmp ../mapping-files/OSD94-gene-cov.tmp
        
[Tue Dec  1 15:16:54 2020]
Finished job 559.
7 of 506 steps (1%) done

[Tue Dec  1 15:16:54 2020]
rule parse_gene_level_cov_and_det:
    input: ../mapping-files/OSD165.bam, ../genes-and-annotations/all-genes.fa
    output: ../mapping-files/OSD165-gene-coverages.tsv
    jobid: 475
    wildcards: ID=OSD165


        pileup.sh -in ../mapping-files/OSD165.bam fastaorf=../genes-and-annotations/all-genes.fa outorf=../mapping-files/OSD165-gene-cov-and-det.tmp > /dev/null 2>&1

        # filtering coverages based on detection
        grep -v "#" ../mapping-files/OSD165-gene-cov-and-det.tmp | awk -F $'	' ' BEGIN {OFS=FS} { if ( $10 <= 0.5 ) $4 = 0 } { print $1,$4 } ' > ../mapping-files/OSD165-gene-cov.tmp
        cat <( printf "gene_ID	coverage
" ) ../mapping-files/OSD165-gene-cov.tmp > ../mapping-files/OSD165-gene-coverages.tsv

          # removing intermediate files
        rm ../mapping-files/OSD165-gene-cov-and-det.tmp ../mapping-files/OSD165-gene-cov.tmp
        
[Tue Dec  1 15:16:55 2020]
Finished job 560.
8 of 506 steps (2%) done

[Tue Dec  1 15:16:55 2020]
rule parse_gene_level_cov_and_det:
    input: ../mapping-files/TARA_110_380m_0.22-3_prok.bam, ../genes-and-annotations/all-genes.fa
    output: ../mapping-files/TARA_110_380m_0.22-3_prok-gene-coverages.tsv
    jobid: 658
    wildcards: ID=TARA_110_380m_0.22-3_prok


        pileup.sh -in ../mapping-files/TARA_110_380m_0.22-3_prok.bam fastaorf=../genes-and-annotations/all-genes.fa outorf=../mapping-files/TARA_110_380m_0.22-3_prok-gene-cov-and-det.tmp > /dev/null 2>&1

        # filtering coverages based on detection
        grep -v "#" ../mapping-files/TARA_110_380m_0.22-3_prok-gene-cov-and-det.tmp | awk -F $'	' ' BEGIN {OFS=FS} { if ( $10 <= 0.5 ) $4 = 0 } { print $1,$4 } ' > ../mapping-files/TARA_110_380m_0.22-3_prok-gene-cov.tmp
        cat <( printf "gene_ID	coverage
" ) ../mapping-files/TARA_110_380m_0.22-3_prok-gene-cov.tmp > ../mapping-files/TARA_110_380m_0.22-3_prok-gene-coverages.tsv

          # removing intermediate files
        rm ../mapping-files/TARA_110_380m_0.22-3_prok-gene-cov-and-det.tmp ../mapping-files/TARA_110_380m_0.22-3_prok-gene-cov.tmp
        
[Tue Dec  1 15:16:57 2020]
Finished job 475.
9 of 506 steps (2%) done

[Tue Dec  1 15:16:57 2020]
rule dl_454_sample_and_run_mapping:
    input: ../mapping-files-pyro/all-combined.1.bt2, ../mapping-files-pyro/all-combined.2.bt2, ../mapping-files-pyro/all-combined.3.bt2, ../mapping-files-pyro/all-combined.rev.1.bt2, ../mapping-files-pyro/all-combined.rev.2.bt2
    output: ../mapping-files-pyro/TARA_038_5m_0.22-1.6_girus.bam
    jobid: 349
    wildcards: ID=TARA_038_5m_0.22-1.6_girus


        curr_run_accs=$(grep -w -m 1 "^TARA_038_5m_0.22-1.6_girus" sample-and-run-accessions.tsv | cut -f 2)
        bash scripts/dl-and-map-454-sample.sh ../mapping-files-pyro ../mapping-files-pyro/all-combined 4 TARA_038_5m_0.22-1.6_girus ${curr_run_accs}
        
[Tue Dec  1 15:17:07 2020]
Finished job 658.
10 of 506 steps (2%) done

[Tue Dec  1 15:17:07 2020]
rule dl_illumina_sample_and_run_mapping:
    input: ../mapping-files/all-combined.1.bt2, ../mapping-files/all-combined.2.bt2, ../mapping-files/all-combined.3.bt2, ../mapping-files/all-combined.rev.1.bt2, ../mapping-files/all-combined.rev.2.bt2
    output: ../mapping-files/TARA_122_115m_0.45-0.8_girus.bam
    jobid: 253
    wildcards: ID=TARA_122_115m_0.45-0.8_girus


        curr_run_accs=$(grep -w -m 1 "^TARA_122_115m_0.45-0.8_girus" sample-and-run-accessions.tsv | cut -f 2)
        bash scripts/dl-and-map-sample.sh ../mapping-files ../mapping-files/all-combined 4 TARA_122_115m_0.45-0.8_girus ${curr_run_accs}
        
[Tue Dec  1 15:18:28 2020]
Finished job 349.
11 of 506 steps (2%) done

[Tue Dec  1 15:18:28 2020]
rule dl_illumina_sample_and_run_mapping:
    input: ../mapping-files/all-combined.1.bt2, ../mapping-files/all-combined.2.bt2, ../mapping-files/all-combined.3.bt2, ../mapping-files/all-combined.rev.1.bt2, ../mapping-files/all-combined.rev.2.bt2
    output: ../mapping-files/TARA_122_115m_0.1-0.22_girus.bam
    jobid: 251
    wildcards: ID=TARA_122_115m_0.1-0.22_girus


        curr_run_accs=$(grep -w -m 1 "^TARA_122_115m_0.1-0.22_girus" sample-and-run-accessions.tsv | cut -f 2)
        bash scripts/dl-and-map-sample.sh ../mapping-files ../mapping-files/all-combined 4 TARA_122_115m_0.1-0.22_girus ${curr_run_accs}
        
[Tue Dec  1 15:18:33 2020]
Finished job 350.
12 of 506 steps (2%) done

[Tue Dec  1 15:18:33 2020]
rule parse_gene_level_cov_and_det:
    input: ../mapping-files/OSD92.bam, ../genes-and-annotations/all-genes.fa
    output: ../mapping-files/OSD92-gene-coverages.tsv
    jobid: 558
    wildcards: ID=OSD92


        pileup.sh -in ../mapping-files/OSD92.bam fastaorf=../genes-and-annotations/all-genes.fa outorf=../mapping-files/OSD92-gene-cov-and-det.tmp > /dev/null 2>&1

        # filtering coverages based on detection
        grep -v "#" ../mapping-files/OSD92-gene-cov-and-det.tmp | awk -F $'	' ' BEGIN {OFS=FS} { if ( $10 <= 0.5 ) $4 = 0 } { print $1,$4 } ' > ../mapping-files/OSD92-gene-cov.tmp
        cat <( printf "gene_ID	coverage
" ) ../mapping-files/OSD92-gene-cov.tmp > ../mapping-files/OSD92-gene-coverages.tsv

          # removing intermediate files
        rm ../mapping-files/OSD92-gene-cov-and-det.tmp ../mapping-files/OSD92-gene-cov.tmp
        
[Tue Dec  1 15:18:36 2020]
Finished job 558.
13 of 506 steps (3%) done

[Tue Dec  1 15:18:36 2020]
rule dl_454_sample_and_run_mapping:
    input: ../mapping-files-pyro/all-combined.1.bt2, ../mapping-files-pyro/all-combined.2.bt2, ../mapping-files-pyro/all-combined.3.bt2, ../mapping-files-pyro/all-combined.rev.1.bt2, ../mapping-files-pyro/all-combined.rev.2.bt2
    output: ../mapping-files-pyro/TARA_039_5m_0.22-1.6_girus.bam
    jobid: 351
    wildcards: ID=TARA_039_5m_0.22-1.6_girus


        curr_run_accs=$(grep -w -m 1 "^TARA_039_5m_0.22-1.6_girus" sample-and-run-accessions.tsv | cut -f 2)
        bash scripts/dl-and-map-454-sample.sh ../mapping-files-pyro ../mapping-files-pyro/all-combined 4 TARA_039_5m_0.22-1.6_girus ${curr_run_accs}
        
Terminating processes on user request, this might take some time.
[Tue Dec  1 15:20:55 2020]
[Tue Dec  1 15:20:55 2020]
Error in rule dl_HK_sample_and_run_mapping:
Error in rule dl_454_sample_and_run_mapping:
    jobid: 401
    jobid: 351
    output: ../mapping-files-HK/R16E-300m-9Ar.bam
    output: ../mapping-files-pyro/TARA_039_5m_0.22-1.6_girus.bam
    shell:
        
        # getting links to forward and reverse reads
        forward_SRR_acc=$(grep "^R16E-300m-9Ar" HK-sample-and-run-accessions.tsv | cut -f 2)
        reverse_SRR_acc=$(grep "^R16E-300m-9Ar" HK-sample-and-run-accessions.tsv | cut -f 3)

        R1_link=$(grep "^${forward_SRR_acc}" HK-SRRs-and-links.tsv | cut -f 2)
        R2_link=$(grep "^${reverse_SRR_acc}" HK-SRRs-and-links.tsv | cut -f 2)

        bash scripts/dl-and-map-HK-sample.sh ../mapping-files-HK ../mapping-files-HK/all-combined 4 R16E-300m-9Ar "${R1_link}" "${R2_link}"
        
        (one of the commands exited with non-zero exit code; note that snakemake uses bash strict mode!)
    shell:
        
        curr_run_accs=$(grep -w -m 1 "^TARA_039_5m_0.22-1.6_girus" sample-and-run-accessions.tsv | cut -f 2)
        bash scripts/dl-and-map-454-sample.sh ../mapping-files-pyro ../mapping-files-pyro/all-combined 4 TARA_039_5m_0.22-1.6_girus ${curr_run_accs}
        
        (one of the commands exited with non-zero exit code; note that snakemake uses bash strict mode!)


Removing output files of failed job dl_454_sample_and_run_mapping since they might be corrupted:
../mapping-files-pyro/TARA_039_5m_0.22-1.6_girus.bam
Cancelling snakemake on user request.
